<?xml version="1.0" encoding="UTF-8"?>
<!-- Generated by org.testng.reporters.JUnitReportReporter -->
<testsuite hostname="DESKTOP-LMHQ5LT" failures="0" tests="1" name="DropDown.MouseHover" time="0.834" errors="0" timestamp="2021-05-08T10:15:43 EDT" skipped="0">
  <testcase classname="DropDown.MouseHover" name="mousehover" time="0.834"/>
  <system-out/>
</testsuite> <!-- DropDown.MouseHover -->
